0 info it worked if it ends with ok
1 verbose cli [ 'F:\\laboratory\\tools\\nodejs\\node.exe',
1 verbose cli   'F:\\laboratory\\tools\\nodejs\\node_modules\\npm\\bin\\npm-cli.js',
1 verbose cli   'run',
1 verbose cli   'server' ]
2 info using npm@3.8.0
3 info using node@v6.9.3
4 verbose run-script [ 'preserver', 'server', 'postserver' ]
5 info lifecycle fedoc@0.1.0~preserver: fedoc@0.1.0
6 silly lifecycle fedoc@0.1.0~preserver: no script for preserver, continuing
7 info lifecycle fedoc@0.1.0~server: fedoc@0.1.0
8 verbose lifecycle fedoc@0.1.0~server: unsafe-perm in lifecycle true
9 verbose lifecycle fedoc@0.1.0~server: PATH: F:\laboratory\tools\nodejs\node_modules\npm\bin\node-gyp-bin;F:\workspace\danke\code\fedoc\node_modules\.bin;F:\laboratory\tools\nodejs;F:\laboratory\tools\jdk\bin;F:\laboratory\tools\jdk\lib;F:\laboratory\tools\jdk\bin;F:\laboratory\tools\jdk\lib;F:\laboratory\tools\XMind 8 Update 5;F:\laboratory\tools\XMind 8 Update 5\bin;F:\laboratory\tools\XMind 8 Update 5\lib;F:\laboratory\tools\xmind;F:\laboratory\tools\xmind\bin;F:\laboratory\tools\xmind\lib;F:\laboratory\tools\visualvm_138;F:\laboratory\tools\visualvm_138\bin;F:\laboratory\tools\visualvm_138\lib;F:\laboratory\tools\vim74;F:\laboratory\tools\vim74\bin;F:\laboratory\tools\vim74\lib;F:\laboratory\tools\Umlet;F:\laboratory\tools\Umlet\bin;F:\laboratory\tools\Umlet\lib;F:\laboratory\tools\tomcat-7.0.55;F:\laboratory\tools\tomcat-7.0.55\bin;F:\laboratory\tools\tomcat-7.0.55\lib;F:\laboratory\tools\Subversion;F:\laboratory\tools\Subversion\bin;F:\laboratory\tools\Subversion\lib;F:\laboratory\tools\squirrel;F:\laboratory\tools\squirrel\bin;F:\laboratory\tools\squirrel\lib;F:\laboratory\tools\SQLyog;F:\laboratory\tools\SQLyog\bin;F:\laboratory\tools\SQLyog\lib;F:\laboratory\tools\sqlite;F:\laboratory\tools\sqlite\bin;F:\laboratory\tools\sqlite\lib;F:\laboratory\tools\spring-1.5.4.RELEASE;F:\laboratory\tools\spring-1.5.4.RELEASE\bin;F:\laboratory\tools\spring-1.5.4.RELEASE\lib;F:\laboratory\tools\sphinx;F:\laboratory\tools\sphinx\bin;F:\laboratory\tools\sphinx\lib;F:\laboratory\tools\spark-2.2.0-bin-hadoop2.7;F:\laboratory\tools\spark-2.2.0-bin-hadoop2.7\bin;F:\laboratory\tools\spark-2.2.0-bin-hadoop2.7\lib;F:\laboratory\tools\SmartGit;F:\laboratory\tools\SmartGit\bin;F:\laboratory\tools\SmartGit\lib;F:\laboratory\tools\SecureCRTPortable;F:\laboratory\tools\SecureCRTPortable\bin;F:\laboratory\tools\SecureCRTPortable\lib;F:\laboratory\tools\scala-2.12.3;F:\laboratory\tools\scala-2.12.3\bin;F:\laboratory\tools\scala-2.12.3\lib;F:\laboratory\tools\scala-2.11.11;F:\laboratory\tools\scala-2.11.11\bin;F:\laboratory\tools\scala-2.11.11\lib;F:\laboratory\tools\sbt;F:\laboratory\tools\sbt\bin;F:\laboratory\tools\sbt\lib;F:\laboratory\tools\Ruby192;F:\laboratory\tools\Ruby192\bin;F:\laboratory\tools\Ruby192\lib;F:\laboratory\tools\redis;F:\laboratory\tools\redis\bin;F:\laboratory\tools\redis\lib;F:\laboratory\tools\python2.7;F:\laboratory\tools\python2.7\bin;F:\laboratory\tools\python2.7\lib;F:\laboratory\tools\putty;F:\laboratory\tools\putty\bin;F:\laboratory\tools\putty\lib;F:\laboratory\tools\php7.0.25;F:\laboratory\tools\php7.0.25\bin;F:\laboratory\tools\php7.0.25\lib;F:\laboratory\tools\phantomjs;F:\laboratory\tools\phantomjs\bin;F:\laboratory\tools\phantomjs\lib;F:\laboratory\tools\pear;F:\laboratory\tools\pear\bin;F:\laboratory\tools\pear\lib;F:\laboratory\tools\PCMaster;F:\laboratory\tools\PCMaster\bin;F:\laboratory\tools\PCMaster\lib;F:\laboratory\tools\orcalclient;F:\laboratory\tools\orcalclient\bin;F:\laboratory\tools\orcalclient\lib;F:\laboratory\tools\nwjs-sdk-v0.15.2-win-x64;F:\laboratory\tools\nwjs-sdk-v0.15.2-win-x64\bin;F:\laboratory\tools\nwjs-sdk-v0.15.2-win-x64\lib;F:\laboratory\tools\nwCode;F:\laboratory\tools\nwCode\bin;F:\laboratory\tools\nwCode\lib;F:\laboratory\tools\nodejs;F:\laboratory\tools\nodejs\bin;F:\laboratory\tools\nodejs\lib;F:\laboratory\tools\nginx;F:\laboratory\tools\nginx\bin;F:\laboratory\tools\nginx\lib;F:\laboratory\tools\nexus-3.1.0-04;F:\laboratory\tools\nexus-3.1.0-04\bin;F:\laboratory\tools\nexus-3.1.0-04\lib;F:\laboratory\tools\Navicat for MySQL;F:\laboratory\tools\Navicat for MySQL\bin;F:\laboratory\tools\Navicat for MySQL\lib;F:\laboratory\tools\mysql-5.6.15-winx64;F:\laboratory\tools\mysql-5.6.15-winx64\bin;F:\laboratory\tools\mysql-5.6.15-winx64\lib;F:\laboratory\tools\mongoVUe;F:\laboratory\tools\mongoVUe\bin;F:\laboratory\tools\mongoVUe\lib;F:\laboratory\tools\memcached;F:\laboratory\tools\memcached\bin;F:\laboratory\tools\memcached\lib;F:\laboratory\tools\maven;F:\laboratory\tools\maven\bin;F:\laboratory\tools\maven\lib;F:\laboratory\tools\Lua;F:\laboratory\tools\Lua\bin;F:\laboratory\tools\Lua\lib;F:\laboratory\tools\LightTPD;F:\laboratory\tools\LightTPD\bin;F:\laboratory\tools\LightTPD\lib;F:\laboratory\tools\jrebel;F:\laboratory\tools\jrebel\bin;F:\laboratory\tools\jrebel\lib;F:\laboratory\tools\jetty-distribution-9.3.16.v20170120;F:\laboratory\tools\jetty-distribution-9.3.16.v20170120\bin;F:\laboratory\tools\jetty-distribution-9.3.16.v20170120\lib;F:\laboratory\tools\jdk;F:\laboratory\tools\jdk\bin;F:\laboratory\tools\jdk\lib;F:\laboratory\tools\JavaBridge;F:\laboratory\tools\JavaBridge\bin;F:\laboratory\tools\JavaBridge\lib;F:\laboratory\tools\instantclient_11_2;F:\laboratory\tools\instantclient_11_2\bin;F:\laboratory\tools\instantclient_11_2\lib;F:\laboratory\tools\ie6;F:\laboratory\tools\ie6\bin;F:\laboratory\tools\ie6\lib;F:\laboratory\tools\ideaServer;F:\laboratory\tools\ideaServer\bin;F:\laboratory\tools\ideaServer\lib;F:\laboratory\tools\groovy-2.4.7;F:\laboratory\tools\groovy-2.4.7\bin;F:\laboratory\tools\groovy-2.4.7\lib;F:\laboratory\tools\gradle-4.1-milestone-1;F:\laboratory\tools\gradle-4.1-milestone-1\bin;F:\laboratory\tools\gradle-4.1-milestone-1\lib;F:\laboratory\tools\FlashFXP;F:\laboratory\tools\FlashFXP\bin;F:\laboratory\tools\FlashFXP\lib;F:\laboratory\tools\FastStoneCapturePortable;F:\laboratory\tools\FastStoneCapturePortable\bin;F:\laboratory\tools\FastStoneCapturePortable\lib;F:\laboratory\tools\dbeaver;F:\laboratory\tools\dbeaver\bin;F:\laboratory\tools\dbeaver\lib;F:\laboratory\tools\curl;F:\laboratory\tools\curl\bin;F:\laboratory\tools\curl\lib;F:\laboratory\tools\cmder;F:\laboratory\tools\cmder\bin;F:\laboratory\tools\cmder\lib;F:\laboratory\tools\busyness;F:\laboratory\tools\busyness\bin;F:\laboratory\tools\busyness\lib;F:\laboratory\tools\apache-tomcat-8.5.8;F:\laboratory\tools\apache-tomcat-8.5.8\bin;F:\laboratory\tools\apache-tomcat-8.5.8\lib;F:\laboratory\tools\ADB GUI;F:\laboratory\tools\ADB GUI\bin;F:\laboratory\tools\ADB GUI\lib;F:\laboratory\bat;F:\laboratory\tools\cmder\vendor\conemu-maximus5\ConEmu\Scripts;F:\laboratory\tools\cmder\vendor\conemu-maximus5;F:\laboratory\tools\cmder\vendor\conemu-maximus5\ConEmu;C:\Program Files\Docker\Docker\Resources\bin;C:\WINDOWS\system32;C:\WINDOWS;C:\WINDOWS\System32\Wbem;C:\WINDOWS\System32\WindowsPowerShell\v1.0;C:\Program Files\TortoiseGit\bin;C:\Program Files\OpenVPN\bin;G:\dockers\hadoop-cluster-docker\local\bin;F:\laboratory;C:\Program Files (x86)\Windows Kits\8.1\Windows Performance Toolkit;C:\Program Files\Git\cmd;F:\msys64\win\python\Scripts;F:\msys64\win\python;C:\Users\ashen\AppData\Local\Microsoft\WindowsApps;C:\Windows\Microsoft.NET\Framework64\v2.0.50727;C:\Program Files\Microsoft VS Code\bin;C:\Users\ashen\AppData\Local\Programs\Fiddler;%USERPROFILE%\AppData\Local\Microsoft\WindowsApps;C:\Program Files\Git\;C:\Program Files\Git\cmd;C:\Program Files\Git\usr\bin;F:\laboratory\tools\orcalclient;F:\laboratory\tools\Lua\clibs
10 verbose lifecycle fedoc@0.1.0~server: CWD: F:\workspace\danke\code\fedoc
11 silly lifecycle fedoc@0.1.0~server: Args: [ '/d /s /c', 'gulp --gulpfile gulpfile.js run' ]
12 silly lifecycle fedoc@0.1.0~server: Returned: code: 1  signal: null
13 info lifecycle fedoc@0.1.0~server: Failed to exec server script
14 verbose stack Error: fedoc@0.1.0 server: `gulp --gulpfile gulpfile.js run`
14 verbose stack Exit status 1
14 verbose stack     at EventEmitter.<anonymous> (F:\laboratory\tools\nodejs\node_modules\npm\lib\utils\lifecycle.js:239:16)
14 verbose stack     at emitTwo (events.js:106:13)
14 verbose stack     at EventEmitter.emit (events.js:191:7)
14 verbose stack     at ChildProcess.<anonymous> (F:\laboratory\tools\nodejs\node_modules\npm\lib\utils\spawn.js:24:14)
14 verbose stack     at emitTwo (events.js:106:13)
14 verbose stack     at ChildProcess.emit (events.js:191:7)
14 verbose stack     at maybeClose (internal/child_process.js:877:16)
14 verbose stack     at Process.ChildProcess._handle.onexit (internal/child_process.js:226:5)
15 verbose pkgid fedoc@0.1.0
16 verbose cwd F:\workspace\danke\code\fedoc
17 error Windows_NT 10.0.16299
18 error argv "F:\\laboratory\\tools\\nodejs\\node.exe" "F:\\laboratory\\tools\\nodejs\\node_modules\\npm\\bin\\npm-cli.js" "run" "server"
19 error node v6.9.3
20 error npm  v3.8.0
21 error code ELIFECYCLE
22 error fedoc@0.1.0 server: `gulp --gulpfile gulpfile.js run`
22 error Exit status 1
23 error Failed at the fedoc@0.1.0 server script 'gulp --gulpfile gulpfile.js run'.
23 error Make sure you have the latest version of node.js and npm installed.
23 error If you do, this is most likely a problem with the fedoc package,
23 error not with npm itself.
23 error Tell the author that this fails on your system:
23 error     gulp --gulpfile gulpfile.js run
23 error You can get information on how to open an issue for this project with:
23 error     npm bugs fedoc
23 error Or if that isn't available, you can get their info via:
23 error     npm owner ls fedoc
23 error There is likely additional logging output above.
24 verbose exit [ 1, true ]
